<?xml version="1.0" encoding="UTF-8"?>
<!-- Generated by org.testng.reporters.JUnitReportReporter -->
<testsuite hostname="LAPTOP-BNSC4CSI" failures="0" tests="1" name="HardAssertionsPractice.aseertTrue" time="4.638" errors="0" timestamp="2022-08-07T10:59:34 IST" skipped="0">
  <testcase classname="HardAssertionsPractice.aseertTrue" name="AssertTrue" time="4.638"/>
  <system-out/>
</testsuite> <!-- HardAssertionsPractice.aseertTrue -->
