<?xml version="1.0" encoding="UTF-8"?>
<!-- Generated by org.testng.reporters.JUnitReportReporter -->
<testsuite hostname="LAPTOP-BNSC4CSI" failures="0" tests="3" name="Enabled.EnabledKeyword" time="0.010" errors="0" timestamp="2022-08-14T16:23:44 IST" skipped="1">
  <testcase classname="Enabled.EnabledKeyword" name="homePageTest" time="0.009"/>
  <system-out/>
  <testcase classname="Enabled.EnabledKeyword" name="homePageTest" time="0.001"/>
  <system-out/>
  <testcase classname="Enabled.EnabledKeyword" name="profilePageTest">
    <skipped/>
  </testcase> <!-- profilePageTest -->
  <system-out/>
</testsuite> <!-- Enabled.EnabledKeyword -->
