<?xml version="1.0" encoding="UTF-8"?>
<!-- Generated by org.testng.reporters.JUnitReportReporter -->
<testsuite hostname="LAPTOP-BNSC4CSI" failures="0" tests="2" name="SoftAssertionPractice.SoftAssertPra" time="0.017" errors="0" timestamp="2022-08-10T09:13:42 IST" skipped="0">
  <testcase classname="SoftAssertionPractice.SoftAssertPra" name="m2" time="0.003"/>
  <system-out/>
  <testcase classname="SoftAssertionPractice.SoftAssertPra" name="m1" time="0.014"/>
  <system-out/>
</testsuite> <!-- SoftAssertionPractice.SoftAssertPra -->
