<?xml version="1.0" encoding="UTF-8"?>
<!-- Generated by org.testng.reporters.JUnitReportReporter -->
<testsuite hostname="LAPTOP-BNSC4CSI" failures="0" tests="7" name="InocationCountPractice.Inocation" time="0.017" errors="0" timestamp="2022-08-07T06:42:45 IST" skipped="0">
  <testcase classname="InocationCountPractice.Inocation" name="profilePageTest" time="0.001"/>
  <system-out/>
  <testcase classname="InocationCountPractice.Inocation" name="profilePageTest" time="0.002"/>
  <system-out/>
  <testcase classname="InocationCountPractice.Inocation" name="homePageTest" time="0.005"/>
  <system-out/>
  <testcase classname="InocationCountPractice.Inocation" name="homePageTest" time="0.001"/>
  <system-out/>
  <testcase classname="InocationCountPractice.Inocation" name="profilePageTest" time="0.003"/>
  <system-out/>
  <testcase classname="InocationCountPractice.Inocation" name="profilePageTest" time="0.003"/>
  <system-out/>
  <testcase classname="InocationCountPractice.Inocation" name="profilePageTest" time="0.002"/>
  <system-out/>
</testsuite> <!-- InocationCountPractice.Inocation -->
