<?xml version="1.0" encoding="UTF-8"?>
<!-- Generated by org.testng.reporters.JUnitReportReporter -->
<testsuite hostname="LAPTOP-BNSC4CSI" failures="0" tests="3" name="BeforeSuitAfterSuit.TC1" time="0.008" errors="0" timestamp="2022-08-07T05:58:58 IST" skipped="0">
  <testcase classname="BeforeSuitAfterSuit.TC1" name="Test3" time="0.001"/>
  <system-out/>
  <testcase classname="BeforeSuitAfterSuit.TC1" name="Test2" time="0.002"/>
  <system-out/>
  <testcase classname="BeforeSuitAfterSuit.TC1" name="Test1" time="0.005"/>
  <system-out/>
</testsuite> <!-- BeforeSuitAfterSuit.TC1 -->
