<?xml version="1.0" encoding="UTF-8"?>
<!-- Generated by org.testng.reporters.JUnitReportReporter -->
<testsuite hostname="LAPTOP-BNSC4CSI" failures="0" tests="1" name="POMClassPra.RegistrationTest" time="3.515" errors="0" timestamp="2022-08-16T16:22:03 IST" skipped="0">
  <testcase classname="POMClassPra.RegistrationTest" name="FacebookRegistrationPageTest" time="3.515"/>
  <system-out/>
</testsuite> <!-- POMClassPra.RegistrationTest -->
