<?xml version="1.0" encoding="UTF-8"?>
<!-- Generated by org.testng.reporters.JUnitReportReporter -->
<testsuite hostname="LAPTOP-BNSC4CSI" failures="0" tests="1" name="BeforeSuitAfterSuit.TC2" time="0.001" errors="0" timestamp="2022-08-07T05:53:43 IST" skipped="0">
  <testcase classname="BeforeSuitAfterSuit.TC2" name="Test4" time="0.001"/>
  <system-out/>
</testsuite> <!-- BeforeSuitAfterSuit.TC2 -->
