<?xml version="1.0" encoding="UTF-8"?>
<!-- Generated by org.testng.reporters.JUnitReportReporter -->
<testsuite hostname="LAPTOP-BNSC4CSI" failures="0" tests="5" name="ThreadPoolSizePractice.ThreadPoolSize" time="27.747" errors="0" timestamp="2022-08-09T06:45:44 IST" skipped="0">
  <testcase classname="ThreadPoolSizePractice.ThreadPoolSize" name="openBrowser" time="4.723"/>
  <system-out/>
  <testcase classname="ThreadPoolSizePractice.ThreadPoolSize" name="openBrowser" time="4.723"/>
  <system-out/>
  <testcase classname="ThreadPoolSizePractice.ThreadPoolSize" name="openBrowser" time="4.747"/>
  <system-out/>
  <testcase classname="ThreadPoolSizePractice.ThreadPoolSize" name="openBrowser" time="4.726"/>
  <system-out/>
  <testcase classname="ThreadPoolSizePractice.ThreadPoolSize" name="openBrowser" time="8.828"/>
  <system-out/>
</testsuite> <!-- ThreadPoolSizePractice.ThreadPoolSize -->
