<?xml version="1.0" encoding="UTF-8"?>
<!-- Generated by org.testng.reporters.JUnitReportReporter -->
<testsuite hostname="LAPTOP-BNSC4CSI" failures="0" tests="3" name="PracticeTestNG.BasicAnnotetion" time="0.015" errors="0" timestamp="2022-08-09T06:44:45 IST" skipped="0">
  <testcase classname="PracticeTestNG.BasicAnnotetion" name="profilePageTest" time="0.012"/>
  <system-out>
    <![CDATA[Logged in to the application
Started Testing of ProfilePage Sucessfully
Tested ProfilePage Sucessfully
Logged out from the application]]>
  </system-out>
  <testcase classname="PracticeTestNG.BasicAnnotetion" name="homePageTest" time="0.001"/>
  <system-out>
    <![CDATA[Logged in to the application
Tested Home Page Sucessfully
Logged out from the application]]>
  </system-out>
  <testcase classname="PracticeTestNG.BasicAnnotetion" name="notificationPageTest" time="0.002"/>
  <system-out>
    <![CDATA[Logged in to the application
Tested NotificationPage Sucessfully
Logged out from the application]]>
  </system-out>
</testsuite> <!-- PracticeTestNG.BasicAnnotetion -->
